c:\users\playd\perforce\multithreading c++ 562\jdomino_mt_pa1_b\keenan2022fall_csc562\student\jdomino\pa1_b\pa1\debug\killthread.obj
c:\users\playd\perforce\multithreading c++ 562\jdomino_mt_pa1_b\keenan2022fall_csc562\student\jdomino\pa1_b\pa1\debug\circularindex.obj
c:\users\playd\perforce\multithreading c++ 562\jdomino_mt_pa1_b\keenan2022fall_csc562\student\jdomino\pa1_b\pa1\debug\playbackthread.obj
c:\users\playd\perforce\multithreading c++ 562\jdomino_mt_pa1_b\keenan2022fall_csc562\student\jdomino\pa1_b\pa1\debug\buffer.obj
c:\users\playd\perforce\multithreading c++ 562\jdomino_mt_pa1_b\keenan2022fall_csc562\student\jdomino\pa1_b\pa1\debug\filethread.obj
c:\users\playd\perforce\multithreading c++ 562\jdomino_mt_pa1_b\keenan2022fall_csc562\student\jdomino\pa1_b\pa1\debug\threadcount.obj
c:\users\playd\perforce\multithreading c++ 562\jdomino_mt_pa1_b\keenan2022fall_csc562\student\jdomino\pa1_b\pa1\debug\coordinatorthread.obj
c:\users\playd\perforce\multithreading c++ 562\jdomino_mt_pa1_b\keenan2022fall_csc562\student\jdomino\pa1_b\pa1\debug\main.obj
c:\users\playd\perforce\multithreading c++ 562\jdomino_mt_pa1_b\keenan2022fall_csc562\student\jdomino\pa1_b\pa1\debug\threadcountproxy.obj
c:\users\playd\perforce\multithreading c++ 562\jdomino_mt_pa1_b\keenan2022fall_csc562\student\jdomino\pa1_b\pa1\debug\circulardata.obj
c:\users\playd\perforce\multithreading c++ 562\jdomino_mt_pa1_b\keenan2022fall_csc562\student\jdomino\pa1_b\pa1\debug\wavefillcmd.obj
c:\users\playd\perforce\multithreading c++ 562\jdomino_mt_pa1_b\keenan2022fall_csc562\student\jdomino\pa1_b\pa1\debug\vc142.pdb
c:\users\playd\perforce\multithreading c++ 562\jdomino_mt_pa1_b\keenan2022fall_csc562\student\jdomino\pa1_b\pa1\debug\pa1.ilk
c:\users\playd\perforce\multithreading c++ 562\jdomino_mt_pa1_b\keenan2022fall_csc562\student\jdomino\pa1_b\debug\pa1.exe
c:\users\playd\perforce\multithreading c++ 562\jdomino_mt_pa1_b\keenan2022fall_csc562\student\jdomino\pa1_b\debug\pa1.pdb
c:\users\playd\perforce\multithreading c++ 562\jdomino_mt_pa1_b\keenan2022fall_csc562\student\jdomino\pa1_b\pa1\debug\pa1.tlog\cl.13948.write.1.tlog
c:\users\playd\perforce\multithreading c++ 562\jdomino_mt_pa1_b\keenan2022fall_csc562\student\jdomino\pa1_b\pa1\debug\pa1.tlog\cl.command.1.tlog
c:\users\playd\perforce\multithreading c++ 562\jdomino_mt_pa1_b\keenan2022fall_csc562\student\jdomino\pa1_b\pa1\debug\pa1.tlog\cl.read.1.tlog
c:\users\playd\perforce\multithreading c++ 562\jdomino_mt_pa1_b\keenan2022fall_csc562\student\jdomino\pa1_b\pa1\debug\pa1.tlog\link.command.1.tlog
c:\users\playd\perforce\multithreading c++ 562\jdomino_mt_pa1_b\keenan2022fall_csc562\student\jdomino\pa1_b\pa1\debug\pa1.tlog\link.read.1.tlog
c:\users\playd\perforce\multithreading c++ 562\jdomino_mt_pa1_b\keenan2022fall_csc562\student\jdomino\pa1_b\pa1\debug\pa1.tlog\link.write.1.tlog
